2019-06-20 11:27:00.154  INFO 9188 --- [main] com.portal.demo.PortalApplication        : Starting PortalApplication on Dhalia-PC-15 with PID 9188 (D:\spring\portal\target\classes started by Anagha in D:\spring\portal)
2019-06-20 11:27:00.159  INFO 9188 --- [main] com.portal.demo.PortalApplication        : No active profile set, falling back to default profiles: default
2019-06-20 11:27:00.910  INFO 9188 --- [main] .s.d.r.c.RepositoryConfigurationDelegate : Bootstrapping Spring Data repositories in DEFAULT mode.
2019-06-20 11:27:00.927  INFO 9188 --- [main] .s.d.r.c.RepositoryConfigurationDelegate : Finished Spring Data repository scanning in 13ms. Found 0 repository interfaces.
2019-06-20 11:27:01.164  INFO 9188 --- [main] trationDelegate$BeanPostProcessorChecker : Bean 'org.springframework.transaction.annotation.ProxyTransactionManagementConfiguration' of type [org.springframework.transaction.annotation.ProxyTransactionManagementConfiguration$$EnhancerBySpringCGLIB$$d682ba07] is not eligible for getting processed by all BeanPostProcessors (for example: not eligible for auto-proxying)
2019-06-20 11:27:01.450  INFO 9188 --- [main] o.s.b.w.embedded.tomcat.TomcatWebServer  : Tomcat initialized with port(s): 9095 (http)
2019-06-20 11:27:01.470  INFO 9188 --- [main] o.apache.catalina.core.StandardService   : Starting service [Tomcat]
2019-06-20 11:27:01.470  INFO 9188 --- [main] org.apache.catalina.core.StandardEngine  : Starting Servlet engine: [Apache Tomcat/9.0.19]
2019-06-20 11:27:01.476  INFO 9188 --- [main] o.a.catalina.core.AprLifecycleListener   : Loaded APR based Apache Tomcat Native library [1.2.21] using APR version [1.6.5].
2019-06-20 11:27:01.476  INFO 9188 --- [main] o.a.catalina.core.AprLifecycleListener   : APR capabilities: IPv6 [true], sendfile [true], accept filters [false], random [true].
2019-06-20 11:27:01.476  INFO 9188 --- [main] o.a.catalina.core.AprLifecycleListener   : APR/OpenSSL configuration: useAprConnector [false], useOpenSSL [true]
2019-06-20 11:27:01.479  INFO 9188 --- [main] o.a.catalina.core.AprLifecycleListener   : OpenSSL successfully initialized [OpenSSL 1.1.1a  20 Nov 2018]
2019-06-20 11:27:01.549  INFO 9188 --- [main] o.a.c.c.C.[Tomcat].[localhost].[/]       : Initializing Spring embedded WebApplicationContext
2019-06-20 11:27:01.549  INFO 9188 --- [main] o.s.web.context.ContextLoader            : Root WebApplicationContext: initialization completed in 1358 ms
2019-06-20 11:27:01.942  INFO 9188 --- [main] o.s.s.concurrent.ThreadPoolTaskExecutor  : Initializing ExecutorService 'applicationTaskExecutor'
2019-06-20 11:27:02.046  INFO 9188 --- [main] com.zaxxer.hikari.HikariDataSource       : HikariPool-1 - Starting...
2019-06-20 11:27:02.477  INFO 9188 --- [main] com.zaxxer.hikari.HikariDataSource       : HikariPool-1 - Start completed.
2019-06-20 11:27:02.952  INFO 9188 --- [main] liquibase.executor.jvm.JdbcExecutor      : SELECT COUNT(*) FROM test.DATABASECHANGELOGLOCK
2019-06-20 11:27:03.009  INFO 9188 --- [main] liquibase.executor.jvm.JdbcExecutor      : CREATE TABLE test.DATABASECHANGELOGLOCK (ID INT NOT NULL, `LOCKED` BIT(1) NOT NULL, LOCKGRANTED datetime NULL, LOCKEDBY VARCHAR(255) NULL, CONSTRAINT PK_DATABASECHANGELOGLOCK PRIMARY KEY (ID))
2019-06-20 11:27:07.005  INFO 9188 --- [main] liquibase.executor.jvm.JdbcExecutor      : SELECT COUNT(*) FROM test.DATABASECHANGELOGLOCK
2019-06-20 11:27:07.292  INFO 9188 --- [main] liquibase.executor.jvm.JdbcExecutor      : DELETE FROM test.DATABASECHANGELOGLOCK
2019-06-20 11:27:07.294  INFO 9188 --- [main] liquibase.executor.jvm.JdbcExecutor      : INSERT INTO test.DATABASECHANGELOGLOCK (ID, `LOCKED`) VALUES (1, 0)
2019-06-20 11:27:07.428  INFO 9188 --- [main] liquibase.executor.jvm.JdbcExecutor      : SELECT `LOCKED` FROM test.DATABASECHANGELOGLOCK WHERE ID=1
2019-06-20 11:27:07.553  INFO 9188 --- [main] l.lockservice.StandardLockService        : Successfully acquired change log lock
2019-06-20 11:27:08.294 ERROR 9188 --- [main] l.p.core.xml.XMLChangeLogSAXParser$1     : Premature end of file.
2019-06-20 11:27:08.464  INFO 9188 --- [main] l.lockservice.StandardLockService        : Successfully released change log lock
2019-06-20 11:27:08.468  WARN 9188 --- [main] ConfigServletWebServerApplicationContext : Exception encountered during context initialization - cancelling refresh attempt: org.springframework.beans.factory.BeanCreationException: Error creating bean with name 'liquibase' defined in class path resource [org/springframework/boot/autoconfigure/liquibase/LiquibaseAutoConfiguration$LiquibaseConfiguration.class]: Invocation of init method failed; nested exception is liquibase.exception.ChangeLogParseException: Error parsing line 1 column 39 of classpath:change-log/change-log.xml: Premature end of file.
2019-06-20 11:27:08.469  INFO 9188 --- [main] o.s.s.concurrent.ThreadPoolTaskExecutor  : Shutting down ExecutorService 'applicationTaskExecutor'
2019-06-20 11:27:08.469  INFO 9188 --- [main] com.zaxxer.hikari.HikariDataSource       : HikariPool-1 - Shutdown initiated...
2019-06-20 11:27:08.473  INFO 9188 --- [main] com.zaxxer.hikari.HikariDataSource       : HikariPool-1 - Shutdown completed.
2019-06-20 11:27:08.476  INFO 9188 --- [main] o.apache.catalina.core.StandardService   : Stopping service [Tomcat]
2019-06-20 11:27:08.485  INFO 9188 --- [main] ConditionEvaluationReportLoggingListener : 

Error starting ApplicationContext. To display the conditions report re-run your application with 'debug' enabled.
2019-06-20 11:27:08.492 ERROR 9188 --- [main] o.s.boot.SpringApplication               : Application run failed

org.springframework.beans.factory.BeanCreationException: Error creating bean with name 'liquibase' defined in class path resource [org/springframework/boot/autoconfigure/liquibase/LiquibaseAutoConfiguration$LiquibaseConfiguration.class]: Invocation of init method failed; nested exception is liquibase.exception.ChangeLogParseException: Error parsing line 1 column 39 of classpath:change-log/change-log.xml: Premature end of file.
	at org.springframework.beans.factory.support.AbstractAutowireCapableBeanFactory.initializeBean(AbstractAutowireCapableBeanFactory.java:1778) ~[spring-beans-5.1.7.RELEASE.jar:5.1.7.RELEASE]
	at org.springframework.beans.factory.support.AbstractAutowireCapableBeanFactory.doCreateBean(AbstractAutowireCapableBeanFactory.java:593) ~[spring-beans-5.1.7.RELEASE.jar:5.1.7.RELEASE]
	at org.springframework.beans.factory.support.AbstractAutowireCapableBeanFactory.createBean(AbstractAutowireCapableBeanFactory.java:515) ~[spring-beans-5.1.7.RELEASE.jar:5.1.7.RELEASE]
	at org.springframework.beans.factory.support.AbstractBeanFactory.lambda$doGetBean$0(AbstractBeanFactory.java:320) ~[spring-beans-5.1.7.RELEASE.jar:5.1.7.RELEASE]
	at org.springframework.beans.factory.support.DefaultSingletonBeanRegistry.getSingleton(DefaultSingletonBeanRegistry.java:222) ~[spring-beans-5.1.7.RELEASE.jar:5.1.7.RELEASE]
	at org.springframework.beans.factory.support.AbstractBeanFactory.doGetBean(AbstractBeanFactory.java:318) ~[spring-beans-5.1.7.RELEASE.jar:5.1.7.RELEASE]
	at org.springframework.beans.factory.support.AbstractBeanFactory.getBean(AbstractBeanFactory.java:199) ~[spring-beans-5.1.7.RELEASE.jar:5.1.7.RELEASE]
	at org.springframework.beans.factory.support.AbstractBeanFactory.doGetBean(AbstractBeanFactory.java:307) ~[spring-beans-5.1.7.RELEASE.jar:5.1.7.RELEASE]
	at org.springframework.beans.factory.support.AbstractBeanFactory.getBean(AbstractBeanFactory.java:199) ~[spring-beans-5.1.7.RELEASE.jar:5.1.7.RELEASE]
	at org.springframework.beans.factory.support.DefaultListableBeanFactory.preInstantiateSingletons(DefaultListableBeanFactory.java:843) ~[spring-beans-5.1.7.RELEASE.jar:5.1.7.RELEASE]
	at org.springframework.context.support.AbstractApplicationContext.finishBeanFactoryInitialization(AbstractApplicationContext.java:877) ~[spring-context-5.1.7.RELEASE.jar:5.1.7.RELEASE]
	at org.springframework.context.support.AbstractApplicationContext.refresh(AbstractApplicationContext.java:549) ~[spring-context-5.1.7.RELEASE.jar:5.1.7.RELEASE]
	at org.springframework.boot.web.servlet.context.ServletWebServerApplicationContext.refresh(ServletWebServerApplicationContext.java:142) ~[spring-boot-2.1.5.RELEASE.jar:2.1.5.RELEASE]
	at org.springframework.boot.SpringApplication.refresh(SpringApplication.java:775) [spring-boot-2.1.5.RELEASE.jar:2.1.5.RELEASE]
	at org.springframework.boot.SpringApplication.refreshContext(SpringApplication.java:397) [spring-boot-2.1.5.RELEASE.jar:2.1.5.RELEASE]
	at org.springframework.boot.SpringApplication.run(SpringApplication.java:316) [spring-boot-2.1.5.RELEASE.jar:2.1.5.RELEASE]
	at org.springframework.boot.SpringApplication.run(SpringApplication.java:1260) [spring-boot-2.1.5.RELEASE.jar:2.1.5.RELEASE]
	at org.springframework.boot.SpringApplication.run(SpringApplication.java:1248) [spring-boot-2.1.5.RELEASE.jar:2.1.5.RELEASE]
	at com.portal.demo.PortalApplication.main(PortalApplication.java:12) [classes/:na]
Caused by: liquibase.exception.ChangeLogParseException: Error parsing line 1 column 39 of classpath:change-log/change-log.xml: Premature end of file.
	at liquibase.parser.core.xml.XMLChangeLogSAXParser.parseToNode(XMLChangeLogSAXParser.java:120) ~[liquibase-core-3.6.3.jar:na]
	at liquibase.parser.core.xml.AbstractChangeLogParser.parse(AbstractChangeLogParser.java:15) ~[liquibase-core-3.6.3.jar:na]
	at liquibase.Liquibase.getDatabaseChangeLog(Liquibase.java:217) ~[liquibase-core-3.6.3.jar:na]
	at liquibase.Liquibase.update(Liquibase.java:190) ~[liquibase-core-3.6.3.jar:na]
	at liquibase.Liquibase.update(Liquibase.java:179) ~[liquibase-core-3.6.3.jar:na]
	at liquibase.integration.spring.SpringLiquibase.performUpdate(SpringLiquibase.java:353) ~[liquibase-core-3.6.3.jar:na]
	at liquibase.integration.spring.SpringLiquibase.afterPropertiesSet(SpringLiquibase.java:305) ~[liquibase-core-3.6.3.jar:na]
	at org.springframework.beans.factory.support.AbstractAutowireCapableBeanFactory.invokeInitMethods(AbstractAutowireCapableBeanFactory.java:1837) ~[spring-beans-5.1.7.RELEASE.jar:5.1.7.RELEASE]
	at org.springframework.beans.factory.support.AbstractAutowireCapableBeanFactory.initializeBean(AbstractAutowireCapableBeanFactory.java:1774) ~[spring-beans-5.1.7.RELEASE.jar:5.1.7.RELEASE]
	... 18 common frames omitted
Caused by: org.xml.sax.SAXParseException: Premature end of file.
	at com.sun.org.apache.xerces.internal.util.ErrorHandlerWrapper.createSAXParseException(ErrorHandlerWrapper.java:203) ~[na:1.8.0_181]
	at com.sun.org.apache.xerces.internal.util.ErrorHandlerWrapper.fatalError(ErrorHandlerWrapper.java:177) ~[na:1.8.0_181]
	at com.sun.org.apache.xerces.internal.impl.XMLErrorReporter.reportError(XMLErrorReporter.java:400) ~[na:1.8.0_181]
	at com.sun.org.apache.xerces.internal.impl.XMLErrorReporter.reportError(XMLErrorReporter.java:327) ~[na:1.8.0_181]
	at com.sun.org.apache.xerces.internal.impl.XMLScanner.reportFatalError(XMLScanner.java:1472) ~[na:1.8.0_181]
	at com.sun.org.apache.xerces.internal.impl.XMLDocumentScannerImpl$PrologDriver.next(XMLDocumentScannerImpl.java:1014) ~[na:1.8.0_181]
	at com.sun.org.apache.xerces.internal.impl.XMLDocumentScannerImpl.next(XMLDocumentScannerImpl.java:602) ~[na:1.8.0_181]
	at com.sun.org.apache.xerces.internal.impl.XMLNSDocumentScannerImpl.next(XMLNSDocumentScannerImpl.java:112) ~[na:1.8.0_181]
	at com.sun.org.apache.xerces.internal.impl.XMLDocumentFragmentScannerImpl.scanDocument(XMLDocumentFragmentScannerImpl.java:505) ~[na:1.8.0_181]
	at com.sun.org.apache.xerces.internal.parsers.XML11Configuration.parse(XML11Configuration.java:842) ~[na:1.8.0_181]
	at com.sun.org.apache.xerces.internal.parsers.XML11Configuration.parse(XML11Configuration.java:771) ~[na:1.8.0_181]
	at com.sun.org.apache.xerces.internal.parsers.XMLParser.parse(XMLParser.java:141) ~[na:1.8.0_181]
	at com.sun.org.apache.xerces.internal.parsers.AbstractSAXParser.parse(AbstractSAXParser.java:1213) ~[na:1.8.0_181]
	at com.sun.org.apache.xerces.internal.jaxp.SAXParserImpl$JAXPSAXParser.parse(SAXParserImpl.java:643) ~[na:1.8.0_181]
	at liquibase.parser.core.xml.XMLChangeLogSAXParser.parseToNode(XMLChangeLogSAXParser.java:112) ~[liquibase-core-3.6.3.jar:na]
	... 26 common frames omitted

2019-06-20 11:29:20.411  INFO 6244 --- [main] com.portal.demo.PortalApplication        : Starting PortalApplication on Dhalia-PC-15 with PID 6244 (D:\spring\portal\target\classes started by Anagha in D:\spring\portal)
2019-06-20 11:29:20.413  INFO 6244 --- [main] com.portal.demo.PortalApplication        : No active profile set, falling back to default profiles: default
2019-06-20 11:29:20.869  INFO 6244 --- [main] .s.d.r.c.RepositoryConfigurationDelegate : Bootstrapping Spring Data repositories in DEFAULT mode.
2019-06-20 11:29:20.885  INFO 6244 --- [main] .s.d.r.c.RepositoryConfigurationDelegate : Finished Spring Data repository scanning in 13ms. Found 0 repository interfaces.
2019-06-20 11:29:21.114  INFO 6244 --- [main] trationDelegate$BeanPostProcessorChecker : Bean 'org.springframework.transaction.annotation.ProxyTransactionManagementConfiguration' of type [org.springframework.transaction.annotation.ProxyTransactionManagementConfiguration$$EnhancerBySpringCGLIB$$a8474ab6] is not eligible for getting processed by all BeanPostProcessors (for example: not eligible for auto-proxying)
2019-06-20 11:29:21.672  INFO 6244 --- [main] o.s.b.w.embedded.tomcat.TomcatWebServer  : Tomcat initialized with port(s): 9095 (http)
2019-06-20 11:29:21.691  INFO 6244 --- [main] o.apache.catalina.core.StandardService   : Starting service [Tomcat]
2019-06-20 11:29:21.691  INFO 6244 --- [main] org.apache.catalina.core.StandardEngine  : Starting Servlet engine: [Apache Tomcat/9.0.19]
2019-06-20 11:29:21.697  INFO 6244 --- [main] o.a.catalina.core.AprLifecycleListener   : Loaded APR based Apache Tomcat Native library [1.2.21] using APR version [1.6.5].
2019-06-20 11:29:21.697  INFO 6244 --- [main] o.a.catalina.core.AprLifecycleListener   : APR capabilities: IPv6 [true], sendfile [true], accept filters [false], random [true].
2019-06-20 11:29:21.697  INFO 6244 --- [main] o.a.catalina.core.AprLifecycleListener   : APR/OpenSSL configuration: useAprConnector [false], useOpenSSL [true]
2019-06-20 11:29:21.700  INFO 6244 --- [main] o.a.catalina.core.AprLifecycleListener   : OpenSSL successfully initialized [OpenSSL 1.1.1a  20 Nov 2018]
2019-06-20 11:29:21.767  INFO 6244 --- [main] o.a.c.c.C.[Tomcat].[localhost].[/]       : Initializing Spring embedded WebApplicationContext
2019-06-20 11:29:21.768  INFO 6244 --- [main] o.s.web.context.ContextLoader            : Root WebApplicationContext: initialization completed in 1320 ms
2019-06-20 11:29:22.124  INFO 6244 --- [main] o.s.s.concurrent.ThreadPoolTaskExecutor  : Initializing ExecutorService 'applicationTaskExecutor'
2019-06-20 11:29:22.212  INFO 6244 --- [main] com.zaxxer.hikari.HikariDataSource       : HikariPool-1 - Starting...
2019-06-20 11:29:22.585  INFO 6244 --- [main] com.zaxxer.hikari.HikariDataSource       : HikariPool-1 - Start completed.
2019-06-20 11:29:23.019  INFO 6244 --- [main] liquibase.executor.jvm.JdbcExecutor      : SELECT COUNT(*) FROM test.DATABASECHANGELOGLOCK
2019-06-20 11:29:23.024  INFO 6244 --- [main] liquibase.executor.jvm.JdbcExecutor      : SELECT COUNT(*) FROM test.DATABASECHANGELOGLOCK
2019-06-20 11:29:23.025  INFO 6244 --- [main] liquibase.executor.jvm.JdbcExecutor      : SELECT `LOCKED` FROM test.DATABASECHANGELOGLOCK WHERE ID=1
2019-06-20 11:29:23.180  INFO 6244 --- [main] l.lockservice.StandardLockService        : Successfully acquired change log lock
2019-06-20 11:29:24.115  INFO 6244 --- [main] l.c.StandardChangeLogHistoryService      : Creating database history table with name: test.DATABASECHANGELOG
2019-06-20 11:29:24.117  INFO 6244 --- [main] liquibase.executor.jvm.JdbcExecutor      : CREATE TABLE test.DATABASECHANGELOG (ID VARCHAR(255) NOT NULL, AUTHOR VARCHAR(255) NOT NULL, FILENAME VARCHAR(255) NOT NULL, DATEEXECUTED datetime NOT NULL, ORDEREXECUTED INT NOT NULL, EXECTYPE VARCHAR(10) NOT NULL, MD5SUM VARCHAR(35) NULL, `DESCRIPTION` VARCHAR(255) NULL, COMMENTS VARCHAR(255) NULL, TAG VARCHAR(255) NULL, LIQUIBASE VARCHAR(20) NULL, CONTEXTS VARCHAR(255) NULL, LABELS VARCHAR(255) NULL, DEPLOYMENT_ID VARCHAR(10) NULL)
2019-06-20 11:29:25.859  INFO 6244 --- [main] liquibase.executor.jvm.JdbcExecutor      : SELECT COUNT(*) FROM test.DATABASECHANGELOG
2019-06-20 11:29:25.939  INFO 6244 --- [main] l.c.StandardChangeLogHistoryService      : Reading from test.DATABASECHANGELOG
2019-06-20 11:29:25.941  INFO 6244 --- [main] liquibase.executor.jvm.JdbcExecutor      : SELECT * FROM test.DATABASECHANGELOG ORDER BY DATEEXECUTED ASC, ORDEREXECUTED ASC
2019-06-20 11:29:26.098  INFO 6244 --- [main] l.lockservice.StandardLockService        : Successfully released change log lock
2019-06-20 11:29:26.485  INFO 6244 --- [main] o.s.b.w.embedded.tomcat.TomcatWebServer  : Tomcat started on port(s): 9095 (http) with context path ''
2019-06-20 11:29:26.489  INFO 6244 --- [main] com.portal.demo.PortalApplication        : Started PortalApplication in 6.364 seconds (JVM running for 7.026)
2019-06-20 11:31:08.223  INFO 6244 --- [http-nio-9095-exec-1] o.a.c.c.C.[Tomcat].[localhost].[/]       : Initializing Spring DispatcherServlet 'dispatcherServlet'
2019-06-20 11:31:08.223  INFO 6244 --- [http-nio-9095-exec-1] o.s.web.servlet.DispatcherServlet        : Initializing Servlet 'dispatcherServlet'
2019-06-20 11:31:08.245  INFO 6244 --- [http-nio-9095-exec-1] o.s.web.servlet.DispatcherServlet        : Completed initialization in 21 ms
2019-06-20 11:31:08.287  INFO 6244 --- [http-nio-9095-exec-1] c.p.demo.controller.PortalController     : portal application started
2019-06-20 11:45:49.806  INFO 6244 --- [RMI TCP Connection(2)-127.0.0.1] inMXBeanRegistrar$SpringApplicationAdmin : Application shutdown requested.
2019-06-20 11:45:49.808  INFO 6244 --- [RMI TCP Connection(2)-127.0.0.1] o.s.s.concurrent.ThreadPoolTaskExecutor  : Shutting down ExecutorService 'applicationTaskExecutor'
2019-06-20 11:45:49.809  INFO 6244 --- [RMI TCP Connection(2)-127.0.0.1] com.zaxxer.hikari.HikariDataSource       : HikariPool-1 - Shutdown initiated...
2019-06-20 11:45:49.813  INFO 6244 --- [RMI TCP Connection(2)-127.0.0.1] com.zaxxer.hikari.HikariDataSource       : HikariPool-1 - Shutdown completed.
2019-06-20 12:42:47.141  INFO 8860 --- [main] com.portal.demo.PortalApplication        : Starting PortalApplication on Dhalia-PC-15 with PID 8860 (D:\spring\portal\target\classes started by Anagha in D:\spring\portal)
2019-06-20 12:42:47.143  INFO 8860 --- [main] com.portal.demo.PortalApplication        : No active profile set, falling back to default profiles: default
2019-06-20 12:42:47.608  INFO 8860 --- [main] .s.d.r.c.RepositoryConfigurationDelegate : Bootstrapping Spring Data repositories in DEFAULT mode.
2019-06-20 12:42:47.626  INFO 8860 --- [main] .s.d.r.c.RepositoryConfigurationDelegate : Finished Spring Data repository scanning in 14ms. Found 0 repository interfaces.
2019-06-20 12:42:47.860  INFO 8860 --- [main] trationDelegate$BeanPostProcessorChecker : Bean 'org.springframework.transaction.annotation.ProxyTransactionManagementConfiguration' of type [org.springframework.transaction.annotation.ProxyTransactionManagementConfiguration$$EnhancerBySpringCGLIB$$76c65b0c] is not eligible for getting processed by all BeanPostProcessors (for example: not eligible for auto-proxying)
2019-06-20 12:42:48.051  INFO 8860 --- [main] o.s.b.w.embedded.tomcat.TomcatWebServer  : Tomcat initialized with port(s): 9095 (http)
2019-06-20 12:42:48.070  INFO 8860 --- [main] o.apache.catalina.core.StandardService   : Starting service [Tomcat]
2019-06-20 12:42:48.070  INFO 8860 --- [main] org.apache.catalina.core.StandardEngine  : Starting Servlet engine: [Apache Tomcat/9.0.19]
2019-06-20 12:42:48.076  INFO 8860 --- [main] o.a.catalina.core.AprLifecycleListener   : Loaded APR based Apache Tomcat Native library [1.2.21] using APR version [1.6.5].
2019-06-20 12:42:48.076  INFO 8860 --- [main] o.a.catalina.core.AprLifecycleListener   : APR capabilities: IPv6 [true], sendfile [true], accept filters [false], random [true].
2019-06-20 12:42:48.076  INFO 8860 --- [main] o.a.catalina.core.AprLifecycleListener   : APR/OpenSSL configuration: useAprConnector [false], useOpenSSL [true]
2019-06-20 12:42:48.079  INFO 8860 --- [main] o.a.catalina.core.AprLifecycleListener   : OpenSSL successfully initialized [OpenSSL 1.1.1a  20 Nov 2018]
2019-06-20 12:42:48.148  INFO 8860 --- [main] o.a.c.c.C.[Tomcat].[localhost].[/]       : Initializing Spring embedded WebApplicationContext
2019-06-20 12:42:48.148  INFO 8860 --- [main] o.s.web.context.ContextLoader            : Root WebApplicationContext: initialization completed in 974 ms
2019-06-20 12:42:48.523  INFO 8860 --- [main] o.s.s.concurrent.ThreadPoolTaskExecutor  : Initializing ExecutorService 'applicationTaskExecutor'
2019-06-20 12:42:48.617  INFO 8860 --- [main] com.zaxxer.hikari.HikariDataSource       : HikariPool-1 - Starting...
2019-06-20 12:42:48.986  INFO 8860 --- [main] com.zaxxer.hikari.HikariDataSource       : HikariPool-1 - Start completed.
2019-06-20 12:42:49.442  INFO 8860 --- [main] liquibase.executor.jvm.JdbcExecutor      : SELECT COUNT(*) FROM test.DATABASECHANGELOGLOCK
2019-06-20 12:42:49.447  INFO 8860 --- [main] liquibase.executor.jvm.JdbcExecutor      : SELECT COUNT(*) FROM test.DATABASECHANGELOGLOCK
2019-06-20 12:42:49.449  INFO 8860 --- [main] liquibase.executor.jvm.JdbcExecutor      : SELECT `LOCKED` FROM test.DATABASECHANGELOGLOCK WHERE ID=1
2019-06-20 12:42:49.873  INFO 8860 --- [main] l.lockservice.StandardLockService        : Successfully acquired change log lock
2019-06-20 12:42:50.699  INFO 8860 --- [main] liquibase.executor.jvm.JdbcExecutor      : SELECT MD5SUM FROM test.DATABASECHANGELOG WHERE MD5SUM IS NOT NULL LIMIT 1
2019-06-20 12:42:50.702  INFO 8860 --- [main] liquibase.executor.jvm.JdbcExecutor      : SELECT COUNT(*) FROM test.DATABASECHANGELOG
2019-06-20 12:42:50.704  INFO 8860 --- [main] l.c.StandardChangeLogHistoryService      : Reading from test.DATABASECHANGELOG
2019-06-20 12:42:50.705  INFO 8860 --- [main] liquibase.executor.jvm.JdbcExecutor      : SELECT * FROM test.DATABASECHANGELOG ORDER BY DATEEXECUTED ASC, ORDEREXECUTED ASC
2019-06-20 12:42:50.862  INFO 8860 --- [main] l.lockservice.StandardLockService        : Successfully released change log lock
2019-06-20 12:42:50.976  INFO 8860 --- [main] o.s.b.w.embedded.tomcat.TomcatWebServer  : Tomcat started on port(s): 9095 (http) with context path ''
2019-06-20 12:42:50.979  INFO 8860 --- [main] com.portal.demo.PortalApplication        : Started PortalApplication in 4.104 seconds (JVM running for 4.527)
2019-06-20 12:43:13.655  INFO 8860 --- [http-nio-9095-exec-1] o.a.c.c.C.[Tomcat].[localhost].[/]       : Initializing Spring DispatcherServlet 'dispatcherServlet'
2019-06-20 12:43:13.655  INFO 8860 --- [http-nio-9095-exec-1] o.s.web.servlet.DispatcherServlet        : Initializing Servlet 'dispatcherServlet'
2019-06-20 12:43:13.661  INFO 8860 --- [http-nio-9095-exec-1] o.s.web.servlet.DispatcherServlet        : Completed initialization in 6 ms
2019-06-20 12:43:13.677  INFO 8860 --- [http-nio-9095-exec-1] c.p.demo.controller.PortalController     : Fetching all users
2019-06-20 12:43:13.677  INFO 8860 --- [http-nio-9095-exec-1] com.portal.demo.service.PortalService    : Getting user details from DB
2019-06-20 12:43:42.570  INFO 8860 --- [http-nio-9095-exec-2] c.p.demo.controller.PortalController     : portal application started
2019-06-20 12:45:00.882  INFO 8860 --- [http-nio-9095-exec-4] c.p.demo.controller.PortalController     : Fetching all users
2019-06-20 12:45:00.883  INFO 8860 --- [http-nio-9095-exec-4] com.portal.demo.service.PortalService    : Getting user details from DB
2019-06-20 12:46:43.959  INFO 10264 --- [main] com.portal.demo.PortalApplication        : Starting PortalApplication on Dhalia-PC-15 with PID 10264 (D:\spring\portal\target\classes started by Anagha in D:\spring\portal)
2019-06-20 12:46:43.961  INFO 10264 --- [main] com.portal.demo.PortalApplication        : No active profile set, falling back to default profiles: default
2019-06-20 12:46:44.433  INFO 10264 --- [main] .s.d.r.c.RepositoryConfigurationDelegate : Bootstrapping Spring Data repositories in DEFAULT mode.
2019-06-20 12:46:44.450  INFO 10264 --- [main] .s.d.r.c.RepositoryConfigurationDelegate : Finished Spring Data repository scanning in 12ms. Found 0 repository interfaces.
2019-06-20 12:46:44.680  INFO 10264 --- [main] trationDelegate$BeanPostProcessorChecker : Bean 'org.springframework.transaction.annotation.ProxyTransactionManagementConfiguration' of type [org.springframework.transaction.annotation.ProxyTransactionManagementConfiguration$$EnhancerBySpringCGLIB$$76c65b0c] is not eligible for getting processed by all BeanPostProcessors (for example: not eligible for auto-proxying)
2019-06-20 12:46:44.864  INFO 10264 --- [main] o.s.b.w.embedded.tomcat.TomcatWebServer  : Tomcat initialized with port(s): 9095 (http)
2019-06-20 12:46:44.882  INFO 10264 --- [main] o.apache.catalina.core.StandardService   : Starting service [Tomcat]
2019-06-20 12:46:44.883  INFO 10264 --- [main] org.apache.catalina.core.StandardEngine  : Starting Servlet engine: [Apache Tomcat/9.0.19]
2019-06-20 12:46:44.888  INFO 10264 --- [main] o.a.catalina.core.AprLifecycleListener   : Loaded APR based Apache Tomcat Native library [1.2.21] using APR version [1.6.5].
2019-06-20 12:46:44.889  INFO 10264 --- [main] o.a.catalina.core.AprLifecycleListener   : APR capabilities: IPv6 [true], sendfile [true], accept filters [false], random [true].
2019-06-20 12:46:44.889  INFO 10264 --- [main] o.a.catalina.core.AprLifecycleListener   : APR/OpenSSL configuration: useAprConnector [false], useOpenSSL [true]
2019-06-20 12:46:44.892  INFO 10264 --- [main] o.a.catalina.core.AprLifecycleListener   : OpenSSL successfully initialized [OpenSSL 1.1.1a  20 Nov 2018]
2019-06-20 12:46:44.961  INFO 10264 --- [main] o.a.c.c.C.[Tomcat].[localhost].[/]       : Initializing Spring embedded WebApplicationContext
2019-06-20 12:46:44.961  INFO 10264 --- [main] o.s.web.context.ContextLoader            : Root WebApplicationContext: initialization completed in 968 ms
2019-06-20 12:46:45.333  INFO 10264 --- [main] o.s.s.concurrent.ThreadPoolTaskExecutor  : Initializing ExecutorService 'applicationTaskExecutor'
2019-06-20 12:46:45.425  INFO 10264 --- [main] com.zaxxer.hikari.HikariDataSource       : HikariPool-1 - Starting...
2019-06-20 12:46:45.797  INFO 10264 --- [main] com.zaxxer.hikari.HikariDataSource       : HikariPool-1 - Start completed.
2019-06-20 12:46:46.247  INFO 10264 --- [main] liquibase.executor.jvm.JdbcExecutor      : SELECT COUNT(*) FROM test.DATABASECHANGELOGLOCK
2019-06-20 12:46:46.273  INFO 10264 --- [main] liquibase.executor.jvm.JdbcExecutor      : SELECT COUNT(*) FROM test.DATABASECHANGELOGLOCK
2019-06-20 12:46:46.275  INFO 10264 --- [main] liquibase.executor.jvm.JdbcExecutor      : SELECT `LOCKED` FROM test.DATABASECHANGELOGLOCK WHERE ID=1
2019-06-20 12:46:46.808  INFO 10264 --- [main] l.lockservice.StandardLockService        : Successfully acquired change log lock
2019-06-20 12:46:47.634  INFO 10264 --- [main] liquibase.executor.jvm.JdbcExecutor      : SELECT MD5SUM FROM test.DATABASECHANGELOG WHERE MD5SUM IS NOT NULL LIMIT 1
2019-06-20 12:46:47.635  INFO 10264 --- [main] liquibase.executor.jvm.JdbcExecutor      : SELECT COUNT(*) FROM test.DATABASECHANGELOG
2019-06-20 12:46:47.635  INFO 10264 --- [main] l.c.StandardChangeLogHistoryService      : Reading from test.DATABASECHANGELOG
2019-06-20 12:46:47.635  INFO 10264 --- [main] liquibase.executor.jvm.JdbcExecutor      : SELECT * FROM test.DATABASECHANGELOG ORDER BY DATEEXECUTED ASC, ORDEREXECUTED ASC
2019-06-20 12:46:47.805  INFO 10264 --- [main] l.lockservice.StandardLockService        : Successfully released change log lock
2019-06-20 12:46:47.910 ERROR 10264 --- [main] org.apache.catalina.util.LifecycleBase   : Failed to start component [Connector[HTTP/1.1-9095]]

org.apache.catalina.LifecycleException: Protocol handler start failed
	at org.apache.catalina.connector.Connector.startInternal(Connector.java:1008) ~[tomcat-embed-core-9.0.19.jar:9.0.19]
	at org.apache.catalina.util.LifecycleBase.start(LifecycleBase.java:183) ~[tomcat-embed-core-9.0.19.jar:9.0.19]
	at org.apache.catalina.core.StandardService.addConnector(StandardService.java:226) [tomcat-embed-core-9.0.19.jar:9.0.19]
	at org.springframework.boot.web.embedded.tomcat.TomcatWebServer.addPreviouslyRemovedConnectors(TomcatWebServer.java:259) [spring-boot-2.1.5.RELEASE.jar:2.1.5.RELEASE]
	at org.springframework.boot.web.embedded.tomcat.TomcatWebServer.start(TomcatWebServer.java:197) [spring-boot-2.1.5.RELEASE.jar:2.1.5.RELEASE]
	at org.springframework.boot.web.servlet.context.ServletWebServerApplicationContext.startWebServer(ServletWebServerApplicationContext.java:311) [spring-boot-2.1.5.RELEASE.jar:2.1.5.RELEASE]
	at org.springframework.boot.web.servlet.context.ServletWebServerApplicationContext.finishRefresh(ServletWebServerApplicationContext.java:164) [spring-boot-2.1.5.RELEASE.jar:2.1.5.RELEASE]
	at org.springframework.context.support.AbstractApplicationContext.refresh(AbstractApplicationContext.java:552) [spring-context-5.1.7.RELEASE.jar:5.1.7.RELEASE]
	at org.springframework.boot.web.servlet.context.ServletWebServerApplicationContext.refresh(ServletWebServerApplicationContext.java:142) [spring-boot-2.1.5.RELEASE.jar:2.1.5.RELEASE]
	at org.springframework.boot.SpringApplication.refresh(SpringApplication.java:775) [spring-boot-2.1.5.RELEASE.jar:2.1.5.RELEASE]
	at org.springframework.boot.SpringApplication.refreshContext(SpringApplication.java:397) [spring-boot-2.1.5.RELEASE.jar:2.1.5.RELEASE]
	at org.springframework.boot.SpringApplication.run(SpringApplication.java:316) [spring-boot-2.1.5.RELEASE.jar:2.1.5.RELEASE]
	at org.springframework.boot.SpringApplication.run(SpringApplication.java:1260) [spring-boot-2.1.5.RELEASE.jar:2.1.5.RELEASE]
	at org.springframework.boot.SpringApplication.run(SpringApplication.java:1248) [spring-boot-2.1.5.RELEASE.jar:2.1.5.RELEASE]
	at com.portal.demo.PortalApplication.main(PortalApplication.java:12) [classes/:na]
Caused by: java.net.BindException: Address already in use: bind
	at sun.nio.ch.Net.bind0(Native Method) ~[na:1.8.0_181]
	at sun.nio.ch.Net.bind(Net.java:433) ~[na:1.8.0_181]
	at sun.nio.ch.Net.bind(Net.java:425) ~[na:1.8.0_181]
	at sun.nio.ch.ServerSocketChannelImpl.bind(ServerSocketChannelImpl.java:223) ~[na:1.8.0_181]
	at sun.nio.ch.ServerSocketAdaptor.bind(ServerSocketAdaptor.java:74) ~[na:1.8.0_181]
	at org.apache.tomcat.util.net.NioEndpoint.initServerSocket(NioEndpoint.java:239) ~[tomcat-embed-core-9.0.19.jar:9.0.19]
	at org.apache.tomcat.util.net.NioEndpoint.bind(NioEndpoint.java:213) ~[tomcat-embed-core-9.0.19.jar:9.0.19]
	at org.apache.tomcat.util.net.AbstractEndpoint.bindWithCleanup(AbstractEndpoint.java:1116) ~[tomcat-embed-core-9.0.19.jar:9.0.19]
	at org.apache.tomcat.util.net.AbstractEndpoint.start(AbstractEndpoint.java:1202) ~[tomcat-embed-core-9.0.19.jar:9.0.19]
	at org.apache.coyote.AbstractProtocol.start(AbstractProtocol.java:568) ~[tomcat-embed-core-9.0.19.jar:9.0.19]
	at org.apache.catalina.connector.Connector.startInternal(Connector.java:1005) ~[tomcat-embed-core-9.0.19.jar:9.0.19]
	... 14 common frames omitted

2019-06-20 12:46:47.914  INFO 10264 --- [main] o.apache.catalina.core.StandardService   : Stopping service [Tomcat]
2019-06-20 12:46:47.983  INFO 10264 --- [main] ConditionEvaluationReportLoggingListener : 

Error starting ApplicationContext. To display the conditions report re-run your application with 'debug' enabled.
2019-06-20 12:46:47.987 ERROR 10264 --- [main] o.s.b.d.LoggingFailureAnalysisReporter   : 

***************************
APPLICATION FAILED TO START
***************************

Description:

The Tomcat connector configured to listen on port 9095 failed to start. The port may already be in use or the connector may be misconfigured.

Action:

Verify the connector's configuration, identify and stop any process that's listening on port 9095, or configure this application to listen on another port.

2019-06-20 12:46:47.991  INFO 10264 --- [main] o.s.s.concurrent.ThreadPoolTaskExecutor  : Shutting down ExecutorService 'applicationTaskExecutor'
2019-06-20 12:46:47.991  INFO 10264 --- [main] com.zaxxer.hikari.HikariDataSource       : HikariPool-1 - Shutdown initiated...
2019-06-20 12:46:47.996  INFO 10264 --- [main] com.zaxxer.hikari.HikariDataSource       : HikariPool-1 - Shutdown completed.
2019-06-20 12:46:52.408  INFO 8860 --- [RMI TCP Connection(2)-127.0.0.1] inMXBeanRegistrar$SpringApplicationAdmin : Application shutdown requested.
2019-06-20 12:46:52.411  INFO 8860 --- [RMI TCP Connection(2)-127.0.0.1] o.s.s.concurrent.ThreadPoolTaskExecutor  : Shutting down ExecutorService 'applicationTaskExecutor'
2019-06-20 12:46:52.412  INFO 8860 --- [RMI TCP Connection(2)-127.0.0.1] com.zaxxer.hikari.HikariDataSource       : HikariPool-1 - Shutdown initiated...
2019-06-20 12:46:52.418  INFO 8860 --- [RMI TCP Connection(2)-127.0.0.1] com.zaxxer.hikari.HikariDataSource       : HikariPool-1 - Shutdown completed.
